<?xml version="1.0" encoding="UTF-8"?>
<!-- Generated by org.testng.reporters.JUnitXMLReporter -->
<testsuite ignored="5" hostname="DESKTOP-3JA0FBS" failures="0" tests="1" name="Default test" time="52.873" errors="0" timestamp="2024-08-31T22:52:40 IST">
  <testcase classname="tests.FlightSearchTests" name="entering_Valid_Flight_Search_Details_for_One_Way_Trip" time="35.199"/>
  <testcase classname="tests.FlightSearchTests" name="entering_Invalid_Flight_Search_Details_for_Round_Trip" time="0.0">
    <ignored/>
  </testcase> <!-- entering_Invalid_Flight_Search_Details_for_Round_Trip -->
  <testcase classname="tests.FlightSearchTests" name="modifying_Valid_Flight_Search_Details_for_Round_Trip" time="0.0">
    <ignored/>
  </testcase> <!-- modifying_Valid_Flight_Search_Details_for_Round_Trip -->
  <testcase classname="tests.FlightSearchTests" name="entering_Invalid_Flight_Search_Details_for_One_Way_Trip" time="0.0">
    <ignored/>
  </testcase> <!-- entering_Invalid_Flight_Search_Details_for_One_Way_Trip -->
  <testcase classname="tests.FlightSearchTests" name="entering_Valid_Flight_Search_Details_for_Round_Trip" time="0.0">
    <ignored/>
  </testcase> <!-- entering_Valid_Flight_Search_Details_for_Round_Trip -->
  <testcase classname="tests.FlightSearchTests" name="modifying_Valid_Flight_Search_Details_for_One_Way_Trip" time="0.0">
    <ignored/>
  </testcase> <!-- modifying_Valid_Flight_Search_Details_for_One_Way_Trip -->
</testsuite> <!-- Default test -->
